CRITICAL - 2024-09-30 06:42:52 --> TypeError: Illegal offset type
[Method: GET, Route: options]
in APPPATH\Controllers\Options.php on line 24.
 1 SYSTEMPATH\CodeIgniter.php(933): App\Controllers\Options->index()
 2 SYSTEMPATH\CodeIgniter.php(509): CodeIgniter\CodeIgniter->runController(Object(App\Controllers\Options))
 3 SYSTEMPATH\CodeIgniter.php(355): CodeIgniter\CodeIgniter->handleRequest(null, Object(Config\Cache), false)
 4 SYSTEMPATH\Boot.php(325): CodeIgniter\CodeIgniter->run()
 5 SYSTEMPATH\Boot.php(67): CodeIgniter\Boot::runCodeIgniter(Object(CodeIgniter\CodeIgniter))
 6 FCPATH\index.php(56): CodeIgniter\Boot::bootWeb(Object(Config\Paths))
 7 SYSTEMPATH\rewrite.php(44): require_once('D:\\projects\\gxphuhoa-gallery\\public\\index.php')
CRITICAL - 2024-09-30 06:43:10 --> TypeError: Illegal offset type
[Method: GET, Route: options]
in APPPATH\Controllers\Options.php on line 24.
 1 SYSTEMPATH\CodeIgniter.php(933): App\Controllers\Options->index()
 2 SYSTEMPATH\CodeIgniter.php(509): CodeIgniter\CodeIgniter->runController(Object(App\Controllers\Options))
 3 SYSTEMPATH\CodeIgniter.php(355): CodeIgniter\CodeIgniter->handleRequest(null, Object(Config\Cache), false)
 4 SYSTEMPATH\Boot.php(325): CodeIgniter\CodeIgniter->run()
 5 SYSTEMPATH\Boot.php(67): CodeIgniter\Boot::runCodeIgniter(Object(CodeIgniter\CodeIgniter))
 6 FCPATH\index.php(56): CodeIgniter\Boot::bootWeb(Object(Config\Paths))
 7 SYSTEMPATH\rewrite.php(44): require_once('D:\\projects\\gxphuhoa-gallery\\public\\index.php')
CRITICAL - 2024-09-30 06:43:17 --> TypeError: Illegal offset type
[Method: GET, Route: options]
in APPPATH\Controllers\Options.php on line 24.
 1 SYSTEMPATH\CodeIgniter.php(933): App\Controllers\Options->index()
 2 SYSTEMPATH\CodeIgniter.php(509): CodeIgniter\CodeIgniter->runController(Object(App\Controllers\Options))
 3 SYSTEMPATH\CodeIgniter.php(355): CodeIgniter\CodeIgniter->handleRequest(null, Object(Config\Cache), false)
 4 SYSTEMPATH\Boot.php(325): CodeIgniter\CodeIgniter->run()
 5 SYSTEMPATH\Boot.php(67): CodeIgniter\Boot::runCodeIgniter(Object(CodeIgniter\CodeIgniter))
 6 FCPATH\index.php(56): CodeIgniter\Boot::bootWeb(Object(Config\Paths))
 7 SYSTEMPATH\rewrite.php(44): require_once('D:\\projects\\gxphuhoa-gallery\\public\\index.php')
CRITICAL - 2024-09-30 06:43:43 --> TypeError: Illegal offset type
[Method: GET, Route: options]
in APPPATH\Controllers\Options.php on line 24.
 1 SYSTEMPATH\CodeIgniter.php(933): App\Controllers\Options->index()
 2 SYSTEMPATH\CodeIgniter.php(509): CodeIgniter\CodeIgniter->runController(Object(App\Controllers\Options))
 3 SYSTEMPATH\CodeIgniter.php(355): CodeIgniter\CodeIgniter->handleRequest(null, Object(Config\Cache), false)
 4 SYSTEMPATH\Boot.php(325): CodeIgniter\CodeIgniter->run()
 5 SYSTEMPATH\Boot.php(67): CodeIgniter\Boot::runCodeIgniter(Object(CodeIgniter\CodeIgniter))
 6 FCPATH\index.php(56): CodeIgniter\Boot::bootWeb(Object(Config\Paths))
 7 SYSTEMPATH\rewrite.php(44): require_once('D:\\projects\\gxphuhoa-gallery\\public\\index.php')
